<?xml version="1.0" encoding="UTF-8"?>
<!-- Generated by org.testng.reporters.JUnitReportReporter -->
<testsuite hostname="DESKTOP-OOQF253" failures="0" tests="1" name="resource.base" time="3.660" errors="0" timestamp="2022-10-29T21:55:47 IST" skipped="0">
  <testcase classname="resource.base" name="initializeDriver" time="3.660"/>
  <system-out/>
</testsuite> <!-- resource.base -->
