<?xml version="1.0" encoding="UTF-8"?>
<!-- Generated by org.testng.reporters.JUnitReportReporter -->
<testsuite hostname="DESKTOP-OOQF253" failures="0" tests="8" name="rahulShettyAcademy.APITesting" time="31.295" errors="0" timestamp="2022-11-09T20:27:53 IST" skipped="0">
  <testcase classname="rahulShettyAcademy.APITesting" name="buyNow" time="2.185"/>
  <system-out/>
  <testcase classname="rahulShettyAcademy.APITesting" name="createOrder" time="1.627"/>
  <system-out/>
  <testcase classname="rahulShettyAcademy.APITesting" name="deleteItemAPITest" time="0.835"/>
  <system-out/>
  <testcase classname="rahulShettyAcademy.APITesting" name="deleteOrder" time="0.812"/>
  <system-out/>
  <testcase classname="rahulShettyAcademy.APITesting" name="deleteCartItem" time="1.081"/>
  <system-out/>
  <testcase classname="rahulShettyAcademy.APITesting" name="loginAPITest" time="5.578"/>
  <system-out/>
  <testcase classname="rahulShettyAcademy.APITesting" name="createItemAPITest" time="5.525"/>
  <system-out/>
  <testcase classname="rahulShettyAcademy.APITesting" name="addToCart" time="13.652"/>
  <system-out/>
</testsuite> <!-- rahulShettyAcademy.APITesting -->
